[35m[Appium][39m Welcome to Appium v1.17.0
[35m[Appium][39m Non-default server args:
[35m[Appium][39m   port: 58638
[35m[Appium][39m   loglevel: info
[35m[Appium][39m   tmpDir: /var/folders/9s/2kp2x31n68343mswfxc94mg80000gn/T//Katalon/Appium/Temp1587474117340
[35m[Appium][39m   chromedriverPort: 58639
[35m[Appium][39m Deprecated server args:
[35m[Appium][39m   [31m--chromedriver-port[39m => --default-capabilities '{"chromedriverPort":58639}'
[35m[Appium][39m Default capabilities, which will be added to each request unless overridden by desired capabilities:
[35m[Appium][39m   chromedriverPort: 58639
[35m[Appium][39m Appium REST http interface listener started on 0.0.0.0:58638
[35m[HTTP][39m [37m-->[39m [37mGET[39m [37m/wd/hub/status[39m
[35m[HTTP][39m [90m{}[39m
[35m[HTTP][39m [37m<-- GET /wd/hub/status [39m[32m200[39m [90m5 ms - 68[39m
[35m[HTTP][39m [90m[39m
[35m[HTTP][39m [37m-->[39m [37mGET[39m [37m/wd/hub/status[39m
[35m[HTTP][39m [90m{}[39m
[35m[HTTP][39m [37m<-- GET /wd/hub/status [39m[32m200[39m [90m1 ms - 68[39m
[35m[HTTP][39m [90m[39m
[35m[HTTP][39m [37m-->[39m [37mPOST[39m [37m/wd/hub/session[39m
[35m[HTTP][39m [90m{"desiredCapabilities":{"app":"/Users/lucasvacis/Documents/Devices/APKs/app-prod-debug (2).apk","noReset":true,"deviceName":"emulator-5554 (Android SDK built for x86 - Android 10)","fullReset":false,"platform":"ANDROID","newCommandTimeout":1800,"platformVersion":"10","automationName":"uiautomator2","autoGrantPermissions":true,"platformName":"Android","udid":"emulator-5554","systemPort":58653},"capabilities":{"firstMatch":[{"appium:app":"/Users/lucasvacis/Documents/Devices/APKs/app-prod-debug (2).apk","appium:autoGrantPermissions":true,"appium:automationName":"uiautomator2","appium:deviceName":"emulator-5554 (Android SDK built for x86 - Android 10)","appium:fullReset":false,"appium:newCommandTimeout":1800,"appium:noReset":true,"platform":"ANDROID","platformName":"android","appium:platformVersion":"10","appium:systemPort":58653,"appium:udid":"emulator-5554"}]}}[39m
[35m[BaseDriver][39m The following capabilities are not standard capabilities and should have an extension prefix:
[35m[BaseDriver][39m   platform
[35m[BaseDriver][39m   chromedriverPort
[35m[Appium][39m Appium v1.17.0 creating new AndroidUiautomator2Driver (v1.44.2) session
[35m[BaseDriver][39m The following capabilities were provided, but are not recognized by Appium:
[35m[BaseDriver][39m   platform
[35m[BaseDriver][39m Session created with session id: 2d4d2866-28bc-4059-b9cb-4d76e0aea6d7
[35m[BaseDriver][39m Using local app '/Users/lucasvacis/Documents/Devices/APKs/app-prod-debug (2).apk'
[35m[ADB][39m Found 1 'build-tools' folders under '/Users/lucasvacis/.katalon/tools/android_sdk' (newest first):
[35m[ADB][39m     /Users/lucasvacis/.katalon/tools/android_sdk/build-tools/29.0.3
[35m[ADB][39m Using 'adb' from '/Users/lucasvacis/.katalon/tools/android_sdk/platform-tools/adb'
[35m[AndroidDriver][39m Retrieving device list
[35m[AndroidDriver][39m Using device: emulator-5554
[35m[ADB][39m Using 'adb' from '/Users/lucasvacis/.katalon/tools/android_sdk/platform-tools/adb'
[35m[ADB][39m Getting device platform version
[35m[UiAutomator2][39m Relaxing hidden api policy
[35m[ADB][39m Package name: 'com.grability.rappi'
[35m[ADB][39m Main activity name: 'com.grability.app.splash.SplashActivity'
[35m[ADB][39m Using 'apksigner.jar' from '/Users/lucasvacis/.katalon/tools/android_sdk/build-tools/29.0.3/lib/apksigner.jar'
[35m[UiAutomator2][39m Server packages are not going to be (re)installed
[35m[ADB][39m The application at '/Users/lucasvacis/Documents/Devices/APKs/app-prod-debug (2).apk' will not be cached, because the device under test has confirmed the support of streamed installs
[35m[ADB][39m The installation of 'app-prod-debug (2).apk' took 3875ms
[35m[UiAutomator2][39m Starting UIAutomator2 server 4.5.5
[35m[UiAutomator2][39m Using UIAutomator2 server from '/usr/local/lib/node_modules/appium/node_modules/appium-uiautomator2-server/apks/appium-uiautomator2-server-v4.5.5.apk' and test from '/usr/local/lib/node_modules/appium/node_modules/appium-uiautomator2-server/apks/appium-uiautomator2-server-debug-androidTest.apk'
[35m[UiAutomator2][39m Waiting up to 30000ms for UiAutomator2 to be online...
[35m[WD Proxy][39m Got response with unknown status: {"code":"ECONNRESET"}
[35m[WD Proxy][39m Got response with unknown status: {"code":"ECONNRESET"}
[35m[WD Proxy][39m Got response with unknown status: {"code":"ECONNRESET"}
[35m[WD Proxy][39m Got response with unknown status: {"code":"ECONNRESET"}
[35m[WD Proxy][39m Determined the downstream protocol as 'W3C'
[35m[AndroidDriver][39m Screen already unlocked, doing nothing
[35m[UiAutomator2][39m Starting 'com.grability.rappi/com.grability.app.splash.SplashActivity and waiting for 'com.grability.rappi/com.grability.app.splash.SplashActivity'
[35m[Appium][39m New AndroidUiautomator2Driver session created successfully, session 2d4d2866-28bc-4059-b9cb-4d76e0aea6d7 added to master session list
[35m[HTTP][39m [37m<-- POST /wd/hub/session [39m[32m200[39m [90m29766 ms - 1330[39m
[35m[HTTP][39m [90m[39m
[35m[HTTP][39m [37m-->[39m [37mGET[39m [37m/wd/hub/session/2d4d2866-28bc-4059-b9cb-4d76e0aea6d7[39m
[35m[HTTP][39m [90m{}[39m
[35m[HTTP][39m [37m<-- GET /wd/hub/session/2d4d2866-28bc-4059-b9cb-4d76e0aea6d7 [39m[32m200[39m [90m19 ms - 1262[39m
[35m[HTTP][39m [90m[39m
[35m[HTTP][39m [37m-->[39m [37mGET[39m [37m/wd/hub/session/2d4d2866-28bc-4059-b9cb-4d76e0aea6d7[39m
[35m[HTTP][39m [90m{}[39m
[35m[HTTP][39m [37m<-- GET /wd/hub/session/2d4d2866-28bc-4059-b9cb-4d76e0aea6d7 [39m[32m200[39m [90m16 ms - 1262[39m
[35m[HTTP][39m [90m[39m
[35m[HTTP][39m [37m-->[39m [37mGET[39m [37m/wd/hub/status[39m
[35m[HTTP][39m [90m{}[39m
[35m[HTTP][39m [37m<-- GET /wd/hub/status [39m[32m200[39m [90m1 ms - 68[39m
[35m[HTTP][39m [90m[39m
[35m[HTTP][39m [37m-->[39m [37mPOST[39m [37m/wd/hub/session/2d4d2866-28bc-4059-b9cb-4d76e0aea6d7/timeouts[39m
[35m[HTTP][39m [90m{"implicit":60000}[39m
[35m[HTTP][39m [37m<-- POST /wd/hub/session/2d4d2866-28bc-4059-b9cb-4d76e0aea6d7/timeouts [39m[32m200[39m [90m3 ms - 14[39m
[35m[HTTP][39m [90m[39m
[35m[HTTP][39m [37m-->[39m [37mGET[39m [37m/wd/hub/session/2d4d2866-28bc-4059-b9cb-4d76e0aea6d7/source[39m
[35m[HTTP][39m [90m{}[39m
[35m[W3C (2d4d2866)][39m Driver proxy active, passing request on via HTTP proxy
[35m[WD Proxy][39m Replacing sessionId e89af3a1-97d8-437d-8e53-f19809c311e0 with 2d4d2866-28bc-4059-b9cb-4d76e0aea6d7
[35m[HTTP][39m [37m<-- GET /wd/hub/session/2d4d2866-28bc-4059-b9cb-4d76e0aea6d7/source [39m[32m200[39m [90m1342 ms - 2346[39m
[35m[HTTP][39m [90m[39m
[35m[HTTP][39m [37m-->[39m [37mGET[39m [37m/wd/hub/session/2d4d2866-28bc-4059-b9cb-4d76e0aea6d7/screenshot[39m
[35m[HTTP][39m [90m{}[39m
[35m[HTTP][39m [37m<-- GET /wd/hub/session/2d4d2866-28bc-4059-b9cb-4d76e0aea6d7/screenshot [39m[32m200[39m [90m2167 ms - 1949656[39m
[35m[HTTP][39m [90m[39m
[35m[HTTP][39m [37m-->[39m [37mGET[39m [37m/wd/hub/session/2d4d2866-28bc-4059-b9cb-4d76e0aea6d7/source[39m
[35m[HTTP][39m [90m{}[39m
[35m[W3C (2d4d2866)][39m Driver proxy active, passing request on via HTTP proxy
[35m[WD Proxy][39m Replacing sessionId e89af3a1-97d8-437d-8e53-f19809c311e0 with 2d4d2866-28bc-4059-b9cb-4d76e0aea6d7
[35m[HTTP][39m [37m<-- GET /wd/hub/session/2d4d2866-28bc-4059-b9cb-4d76e0aea6d7/source [39m[32m200[39m [90m338 ms - 27542[39m
[35m[HTTP][39m [90m[39m
[35m[HTTP][39m [37m-->[39m [37mGET[39m [37m/wd/hub/session/2d4d2866-28bc-4059-b9cb-4d76e0aea6d7/screenshot[39m
[35m[HTTP][39m [90m{}[39m
[35m[HTTP][39m [37m<-- GET /wd/hub/session/2d4d2866-28bc-4059-b9cb-4d76e0aea6d7/screenshot [39m[32m200[39m [90m724 ms - 280772[39m
[35m[HTTP][39m [90m[39m
[35m[HTTP][39m [37m-->[39m [37mGET[39m [37m/wd/hub/session/2d4d2866-28bc-4059-b9cb-4d76e0aea6d7/window/rect[39m
[35m[HTTP][39m [90m{}[39m
[35m[HTTP][39m [37m<-- GET /wd/hub/session/2d4d2866-28bc-4059-b9cb-4d76e0aea6d7/window/rect [39m[32m200[39m [90m18 ms - 50[39m
[35m[HTTP][39m [90m[39m
[3[35m[Appium][39m Received SIGTERM - shutting down
hub/session/2d4d2866-28bc-4059-b9cb-4d76e0aea6d7/elements[39m
[35m[HTTP][39m [90m{"using":"xpath","value":"//hierarchy/android.widget.FrameLayout[1]/android.widget.LinearLayout[1]/android.widget.FrameLayout[1]/android.widget.LinearLayout[1]/android.widget.FrameLayout[1]/android.view.ViewGroup[1]/android.view.ViewGroup[1]/android.widget.FrameLayout[1]/android.view.ViewGroup[1]/androidx.recyclerview.widget.RecyclerView[1]/android.view.ViewGroup[2]/android.widget.ImageView[1]"}[39m
[35m[HTTP][39m [37m<-- POST /wd/hub/session/2d4d2866-28bc-4059-b9cb-4d76e0aea6d7/elements [39m[32m200[39m [90m484 ms - 139[39m
[35m[HTTP][39m [90m[39m
[35m[HTTP][39m [37m-->[39m [37mGET[39m [37m/wd/hub/session/2d4d2866-28bc-4059-b9cb-4d76e0aea6d7/element/10601ef5-2b3d-448f-8aa9-2c872add09d3/location[39m
[35m[HTTP][39m [90m{}[39m
[35m[W3C (2d4d2866)][39m Driver proxy active, passing request on via HTTP proxy
[35m[WD Proxy][39m Replacing sessionId e89af3a1-97d8-437d-8e53-f19809c311e0 with 2d4d2866-28bc-4059-b9cb-4d76e0aea6d7
[35m[HTTP][39m [37m<-- GET /wd/hub/session/2d4d2866-28bc-4059-b9cb-4d76e0aea6d7/element/10601ef5-2b3d-448f-8aa9-2c872add09d3/location [39m[32m200[39m [90m22 ms - 78[39m
[35m[HTTP][39m [90m[39m
[35m[HTTP][39m [37m-->[39m [37mPOST[39m [37m/wd/hub/session/2d4d2866-28bc-4059-b9cb-4d76e0aea6d7/touch/perform[39m
[35m[HTTP][39m [90m{"actions":[{"action":"tap","options":{"x":1,"y":1,"element":"10601ef5-2b3d-448f-8aa9-2c872add09d3"}}]}[39m
[35m[UiAutomator2][39m calling get location: 10601ef5-2b3d-448f-8aa9-2c872add09d3
[35m[HTTP][39m [37m<-- POST /wd/hub/session/2d4d2866-28bc-4059-b9cb-4d76e0aea6d7/touch/perform [39m[32m200[39m [90m106 ms - 14[39m
[35m[HTTP][39m [90m[39m
[35m[HTTP][39m [37m-->[39m [37mGET[39m [37m/wd/hub/session/2d4d2866-28bc-4059-b9cb-4d76e0aea6d7/source[39m
[35m[HTTP][39m [90m{}[39m
[35m[W3C (2d4d2866)][39m Driver proxy active, passing request on via HTTP proxy
[35m[WD Proxy][39m Replacing sessionId e89af3a1-97d8-437d-8e53-f19809c311e0 with 2d4d2866-28bc-4059-b9cb-4d76e0aea6d7
[35m[HTTP][39m [37m<-- GET /wd/hub/session/2d4d2866-28bc-4059-b9cb-4d76e0aea6d7/source [39m[32m200[39m [90m613 ms - 13532[39m
[35m[HTTP][39m [90m[39m
[35m[HTTP][39m [37m-->[39m [37mGET[39m [37m/wd/hub/session/2d4d2866-28bc-4059-b9cb-4d76e0aea6d7/screenshot[39m
[35m[HTTP][39m [90m{}[39m
[35m[HTTP][39m [37m<-- GET /wd/hub/session/2d4d2866-28bc-4059-b9cb-4d76e0aea6d7/screenshot [39m[32m200[39m [90m593 ms - 225236[39m
[35m[HTTP][39m [90m[39m
[35m[HTTP][39m [37m-->[39m [37mGET[39m [37m/wd/hub/session/2d4d2866-28bc-4059-b9cb-4d76e0aea6d7/source[39m
[35m[HTTP][39m [90m{}[39m
[35m[W3C (2d4d2866)][39m Driver proxy active, passing request on via HTTP proxy
[35m[WD Proxy][39m Replacing sessionId e89af3a1-97d8-437d-8e53-f19809c311e0 with 2d4d2866-28bc-4059-b9cb-4d76e0aea6d7
[35m[HTTP][39m [37m<-- GET /wd/hub/session/2d4d2866-28bc-4059-b9cb-4d76e0aea6d7/source [39m[32m200[39m [90m122 ms - 12331[39m
[35m[HTTP][39m [90m[39m
[35m[HTTP][39m [37m-->[39m [37mGET[39m [37m/wd/hub/session/2d4d2866-28bc-4059-b9cb-4d76e0aea6d7/screenshot[39m
[35m[HTTP][39m [90m{}[39m
[35m[HTTP][39m [37m<-- GET /wd/hub/session/2d4d2866-28bc-4059-b9cb-4d76e0aea6d7/screenshot [39m[32m200[39m [90m332 ms - 273194[39m
[35m[HTTP][39m [90m[39m
[35m[HTTP][39m [37m-->[39m [37mGET[39m [37m/wd/hub/session/2d4d2866-28bc-4059-b9cb-4d76e0aea6d7/window/rect[39m
[35m[HTTP][39m [90m{}[39m
[35m[HTTP][39m [37m<-- GET /wd/hub/session/2d4d2866-28bc-4059-b9cb-4d76e0aea6d7/window/rect [39m[32m200[39m [90m27 ms - 50[39m
[35m[HTTP][39m [90m[39m
[35m[HTTP][39m [37m-->[39m [37mPOST[39m [37m/wd/hub/session/2d4d2866-28bc-4059-b9cb-4d76e0aea6d7/elements[39m
[35m[HTTP][39m [90m{"using":"xpath","value":"//hierarchy/android.widget.FrameLayout[1]/android.widget.LinearLayout[1]/android.widget.FrameLayout[1]/android.widget.LinearLayout[1]/android.widget.FrameLayout[1]/android.view.ViewGroup[1]/android.view.ViewGroup[1]/android.widget.FrameLayout[1]/android.view.ViewGroup[1]/androidx.recyclerview.widget.RecyclerView[1]/android.view.ViewGroup[2]/android.widget.TextView[1]"}[39m
[35m[HTTP][39m [37m<-- POST /wd/hub/session/2d4d2866-28bc-4059-b9cb-4d76e0aea6d7/elements [39m[32m200[39m [90m179 ms - 139[39m
[35m[HTTP][39m [90m[39m
[35m[HTTP][39m [37m-->[39m [37mGET[39m [37m/wd/hub/session/2d4d2866-28bc-4059-b9cb-4d76e0aea6d7/element/3488c28f-b19d-43d8-9f74-614d8f395ea5/location[39m
[35m[HTTP][39m [90m{}[39m
[35m[W3C (2d4d2866)][39m Driver proxy active, passing request on via HTTP proxy
[35m[WD Proxy][39m Replacing sessionId e89af3a1-97d8-437d-8e53-f19809c311e0 with 2d4d2866-28bc-4059-b9cb-4d76e0aea6d7
[35m[HTTP][39m [37m<-- GET /wd/hub/session/2d4d2866-28bc-4059-b9cb-4d76e0aea6d7/element/3488c28f-b19d-43d8-9f74-614d8f395ea5/location [39m[32m200[39m [90m16 ms - 78[39m
[35m[HTTP][39m [90m[39m
[35m[HTTP][39m [37m-->[39m [37mPOST[39m [37m/wd/hub/session/2d4d2866-28bc-4059-b9cb-4d76e0aea6d7/touch/perform[39m
[35m[HTTP][39m [90m{"actions":[{"action":"tap","options":{"x":1,"y":1,"element":"3488c28f-b19d-43d8-9f74-614d8f395ea5"}}]}[39m
[35m[UiAutomator2][39m calling get location: 3488c28f-b19d-43d8-9f74-614d8f395ea5
[35m[HTTP][39m [37m<-- POST /wd/hub/session/2d4d2866-28bc-4059-b9cb-4d76e0aea6d7/touch/perform [39m[32m200[39m [90m57 ms - 14[39m
[35m[HTTP][39m [90m[39m
[35m[HTTP][39m [37m-->[39m [37mGET[39m [37m/wd/hub/session/2d4d2866-28bc-4059-b9cb-4d76e0aea6d7/source[39m
[35m[HTTP][39m [90m{}[39m
[35m[W3C (2d4d2866)][39m Driver proxy active, passing request on via HTTP proxy
[35m[WD Proxy][39m Replacing sessionId e89af3a1-97d8-437d-8e53-f19809c311e0 with 2d4d2866-28bc-4059-b9cb-4d76e0aea6d7
[35m[HTTP][39m [37m<-- GET /wd/hub/session/2d4d2866-28bc-4059-b9cb-4d76e0aea6d7/source [39m[32m200[39m [90m877 ms - 12331[39m
[35m[HTTP][39m [90m[39m
[35m[HTTP][39m [37m-->[39m [37mGET[39m [37m/wd/hub/session/2d4d2866-28bc-4059-b9cb-4d76e0aea6d7/screenshot[39m
[35m[HTTP][39m [90m{}[39m
[35m[HTTP][39m [37m<-- GET /wd/hub/session/2d4d2866-28bc-4059-b9cb-4d76e0aea6d7/screenshot [39m[32m200[39m [90m1595 ms - 2018496[39m
[35m[HTTP][39m [90m[39m
[35m[HTTP][39m [37m-->[39m [37mGET[39m [37m/wd/hub/session/2d4d2866-28bc-4059-b9cb-4d76e0aea6d7/source[39m
[35m[HTTP][39m [90m{}[39m
[35m[W3C (2d4d2866)][39m Driver proxy active, passing request on via HTTP proxy
[35m[WD Proxy][39m Replacing sessionId e89af3a1-97d8-437d-8e53-f19809c311e0 with 2d4d2866-28bc-4059-b9cb-4d76e0aea6d7
[35m[HTTP][39m [37m<-- GET /wd/hub/session/2d4d2866-28bc-4059-b9cb-4d76e0aea6d7/source [39m[32m200[39m [90m98 ms - 15077[39m
[35m[HTTP][39m [90m[39m
[35m[HTTP][39m [37m-->[39m [37mGET[39m [37m/wd/hub/session/2d4d2866-28bc-4059-b9cb-4d76e0aea6d7/screenshot[39m
[35m[HTTP][39m [90m{}[39m
[35m[HTTP][39m [37m<-- GET /wd/hub/session/2d4d2866-28bc-4059-b9cb-4d76e0aea6d7/screenshot [39m[32m200[39m [90m1149 ms - 2017446[39m
[35m[HTTP][39m [90m[39m
[35m[HTTP][39m [37m-->[39m [37mGET[39m [37m/wd/hub/session/2d4d2866-28bc-4059-b9cb-4d76e0aea6d7/window/rect[39m
[35m[HTTP][39m [90m{}[39m
[35m[HTTP][39m [37m<-- GET /wd/hub/session/2d4d2866-28bc-4059-b9cb-4d76e0aea6d7/window/rect [39m[32m200[39m [90m12 ms - 50[39m
[35m[HTTP][39m [90m[39m
[35m[HTTP][39m [37m-->[39m [37mPOST[39m [37m/wd/hub/session/2d4d2866-28bc-4059-b9cb-4d76e0aea6d7/elements[39m
[35m[HTTP][39m [90m{"using":"xpath","value":"//hierarchy/android.widget.FrameLayout[1]/android.widget.LinearLayout[1]/android.widget.FrameLayout[1]/android.widget.LinearLayout[1]/android.widget.FrameLayout[1]/android.widget.RelativeLayout[1]/android.widget.RelativeLayout[1]/android.widget.RelativeLayout[2]/android.view.ViewGroup[1]/android.widget.RelativeLayout[1]/android.widget.ImageView[2]"}[39m
[35m[HTTP][39m [37m<-- POST /wd/hub/session/2d4d2866-28bc-4059-b9cb-4d76e0aea6d7/elements [39m[32m200[39m [90m210 ms - 139[39m
[35m[HTTP][39m [90m[39m
[35m[HTTP][39m [37m-->[39m [37mGET[39m [37m/wd/hub/session/2d4d2866-28bc-4059-b9cb-4d76e0aea6d7/element/9bd67e16-bbe1-40c1-a276-5faa33dc42cf/location[39m
[35m[HTTP][39m [90m{}[39m
[35m[W3C (2d4d2866)][39m Driver proxy active, passing request on via HTTP proxy
[35m[WD Proxy][39m Replacing sessionId e89af3a1-97d8-437d-8e53-f19809c311e0 with 2d4d2866-28bc-4059-b9cb-4d76e0aea6d7
[35m[HTTP][39m [37m<-- GET /wd/hub/session/2d4d2866-28bc-4059-b9cb-4d76e0aea6d7/element/9bd67e16-bbe1-40c1-a276-5faa33dc42cf/location [39m[32m200[39m [90m11 ms - 78[39m
[35m[HTTP][39m [90m[39m
[35m[HTTP][39m [37m-->[39m [37mPOST[39m [37m/wd/hub/session/2d4d2866-28bc-4059-b9cb-4d76e0aea6d7/touch/perform[39m
[35m[HTTP][39m [90m{"actions":[{"action":"tap","options":{"x":1,"y":1,"element":"9bd67e16-bbe1-40c1-a276-5faa33dc42cf"}}]}[39m
[35m[UiAutomator2][39m calling get location: 9bd67e16-bbe1-40c1-a276-5faa33dc42cf
[35m[HTTP][39m [37m<-- POST /wd/hub/session/2d4d2866-28bc-4059-b9cb-4d76e0aea6d7/touch/perform [39m[32m200[39m [90m1728 ms - 14[39m
[35m[HTTP][39m [90m[39m
[35m[HTTP][39m [37m-->[39m [37mGET[39m [37m/wd/hub/session/2d4d2866-28bc-4059-b9cb-4d76e0aea6d7/source[39m
[35m[HTTP][39m [90m{}[39m
[35m[W3C (2d4d2866)][39m Driver proxy active, passing request on via HTTP proxy
[35m[WD Proxy][39m Replacing sessionId e89af3a1-97d8-437d-8e53-f19809c311e0 with 2d4d2866-28bc-4059-b9cb-4d76e0aea6d7
[35m[HTTP][39m [37m<-- GET /wd/hub/session/2d4d2866-28bc-4059-b9cb-4d76e0aea6d7/source [39m[32m200[39m [90m238 ms - 27303[39m
[35m[HTTP][39m [90m[39m
[35m[HTTP][39m [37m-->[39m [37mGET[39m [37m/wd/hub/session/2d4d2866-28bc-4059-b9cb-4d76e0aea6d7/screenshot[39m
[35m[HTTP][39m [90m{}[39m
[35m[HTTP][39m [37m<-- GET /wd/hub/session/2d4d2866-28bc-4059-b9cb-4d76e0aea6d7/screenshot [39m[32m200[39m [90m413 ms - 374002[39m
[35m[HTTP][39m [90m[39m
[35m[HTTP][39m [37m-->[39m [37mGET[39m [37m/wd/hub/session/2d4d2866-28bc-4059-b9cb-4d76e0aea6d7/context[39m
[35m[HTTP][39m [90m{}[39m
[35m[HTTP][39m [37m<-- GET /wd/hub/session/2d4d2866-28bc-4059-b9cb-4d76e0aea6d7/context [39m[32m200[39m [90m2 ms - 22[39m
[35m[HTTP][39m [90m[39m
[35m[HTTP][39m [37m-->[39m [37mGET[39m [37m/wd/hub/session/2d4d2866-28bc-4059-b9cb-4d76e0aea6d7/contexts[39m
[35m[HTTP][39m [90m{}[39m
[35m[AndroidDriver][39m Not checking whether webviews have active pages; use the 'ensureWebviewsHavePages' cap to turn this check on
[35m[HTTP][39m [37m<-- GET /wd/hub/session/2d4d2866-28bc-4059-b9cb-4d76e0aea6d7/contexts [39m[32m200[39m [90m114 ms - 91[39m
[35m[HTTP][39m [90m[39m
[35m[HTTP][39m [37m-->[39m [37mPOST[39m [37m/wd/hub/session/2d4d2866-28bc-4059-b9cb-4d76e0aea6d7/context[39m
[35m[HTTP][39m [90m{"name":"NATIVE_APP"}[39m
[35m[HTTP][39m [37m<-- POST /wd/hub/session/2d4d2866-28bc-4059-b9cb-4d76e0aea6d7/context [39m[32m200[39m [90m1 ms - 14[39m
[35m[HTTP][39m [90m[39m
[35m[HTTP][39m [37m-->[39m [37mPOST[39m [37m/wd/hub/session/2d4d2866-28bc-4059-b9cb-4d76e0aea6d7/element[39m
[35m[HTTP][39m [90m{"using":"-android uiautomator","value":"new UiScrollable(new UiSelector().scrollable(true).instance(0)).scrollIntoView(new UiSelector().textContains(\"Aegentina\"))"}[39m
[35m[WD Proxy][39m Got response with status 404: {"sessionId":"e89af3a1-97d8-437d-8e53-f19809c311e0","value":{"error":"no such element","message":"An element could not be located on the page using the given search parameters","stacktrace":"io.appium.uiautomator2.common.exceptions.ElementNotFoundException: An element could not be located on the page using the given search parameters\n\tat io.appium.uiautomator2.handler.FindElement.safeHandle(FindElement.java:78)\n\tat io.appium.uiautomator2.handler.request.SafeRequestHandler.handle(SafeRequestHandler.java:38)\n\tat io.appium.uiautomator2.server.AppiumServlet.handleRequest(AppiumServlet.java:252)\n\tat io.appium.uiautomator2.server.AppiumServlet.handleHttpRequest(AppiumServlet.java:242)\n\tat io.appium.uiautomator2.http.ServerHandler.channelRead(ServerHandler.java:51)\n\tat io.netty.channel.AbstractChannelHandlerContext.invokeChannelRead(AbstractChannelHandlerContext.java:366)\n\tat io.netty.channel.AbstractChannelHandlerContext.invokeChannelRead(AbstractChannelHandlerContext.java:352)\n\tat io.netty.chann...
[35m[HTTP][39m [37m<-- POST /wd/hub/session/2d4d2866-28bc-4059-b9cb-4d76e0aea6d7/element [39m[33m404[39m [90m60774 ms - 387[39m
[35m[HTTP][39m [90m[39m
[35m[HTTP][39m [37m-->[39m [37mPOST[39m [37m/wd/hub/session/2d4d2866-28bc-4059-b9cb-4d76e0aea6d7/context[39m
[35m[HTTP][39m [90m{"name":"NATIVE_APP"}[39m
[35m[HTTP][39m [37m<-- POST /wd/hub/session/2d4d2866-28bc-4059-b9cb-4d76e0aea6d7/context [39m[32m200[39m [90m176 ms - 14[39m
[35m[HTTP][39m [90m[39m
[35m[HTTP][39m [37m-->[39m [37mGET[39m [37m/wd/hub/session/2d4d2866-28bc-4059-b9cb-4d76e0aea6d7/context[39m
[35m[HTTP][39m [90m{}[39m
[35m[HTTP][39m [37m<-- GET /wd/hub/session/2d4d2866-28bc-4059-b9cb-4d76e0aea6d7/context [39m[32m200[39m [90m2 ms - 22[39m
[35m[HTTP][39m [90m[39m
[35m[HTTP][39m [37m-->[39m [37mGET[39m [37m/wd/hub/session/2d4d2866-28bc-4059-b9cb-4d76e0aea6d7/contexts[39m
[35m[HTTP][39m [90m{}[39m
[35m[AndroidDriver][39m Not checking whether webviews have active pages; use the 'ensureWebviewsHavePages' cap to turn this check on
[35m[HTTP][39m [37m<-- GET /wd/hub/session/2d4d2866-28bc-4059-b9cb-4d76e0aea6d7/contexts [39m[32m200[39m [90m88 ms - 91[39m
[35m[HTTP][39m [90m[39m
[35m[HTTP][39m [37m-->[39m [37mPOST[39m [37m/wd/hub/session/2d4d2866-28bc-4059-b9cb-4d76e0aea6d7/context[39m
[35m[HTTP][39m [90m{"name":"NATIVE_APP"}[39m
[35m[HTTP][39m [37m<-- POST /wd/hub/session/2d4d2866-28bc-4059-b9cb-4d76e0aea6d7/context [39m[32m200[39m [90m1 ms - 14[39m
[35m[HTTP][39m [90m[39m
[35m[HTTP][39m [37m-->[39m [37mPOST[39m [37m/wd/hub/session/2d4d2866-28bc-4059-b9cb-4d76e0aea6d7/element[39m
[35m[HTTP][39m [90m{"using":"-android uiautomator","value":"new UiScrollable(new UiSelector().scrollable(true).instance(0)).scrollIntoView(new UiSelector().textContains(\"Argentina\"))"}[39m
[35m[HTTP][39m [37m<-- POST /wd/hub/session/2d4d2866-28bc-4059-b9cb-4d76e0aea6d7/element [39m[32m200[39m [90m62759 ms - 137[39m
[35m[HTTP][39m [90m[39m
[35m[HTTP][39m [37m-->[39m [37mPOST[39m [37m/wd/hub/session/2d4d2866-28bc-4059-b9cb-4d76e0aea6d7/context[39m
[35m[HTTP][39m [90m{"name":"NATIVE_APP"}[39m
[35m[HTTP][39m [37m<-- POST /wd/hub/session/2d4d2866-28bc-4059-b9cb-4d76e0aea6d7/context [39m[32m200[39m [90m1 ms - 14[39m
[35m[HTTP][39m [90m[39m
[35m[HTTP][39m [37m-->[39m [37mGET[39m [37m/wd/hub/session/2d4d2866-28bc-4059-b9cb-4d76e0aea6d7/source[39m
[35m[HTTP][39m [90m{}[39m
[35m[W3C (2d4d2866)][39m Driver proxy active, passing request on via HTTP proxy
[35m[WD Proxy][39m Replacing sessionId e89af3a1-97d8-437d-8e53-f19809c311e0 with 2d4d2866-28bc-4059-b9cb-4d76e0aea6d7
[35m[HTTP][39m [37m<-- GET /wd/hub/session/2d4d2866-28bc-4059-b9cb-4d76e0aea6d7/source [39m[32m200[39m [90m190 ms - 27305[39m
[35m[HTTP][39m [90m[39m
[35m[HTTP][39m [37m-->[39m [37mGET[39m [37m/wd/hub/session/2d4d2866-28bc-4059-b9cb-4d76e0aea6d7/screenshot[39m
[35m[HTTP][39m [90m{}[39m
[35m[HTTP][39m [37m<-- GET /wd/hub/session/2d4d2866-28bc-4059-b9cb-4d76e0aea6d7/screenshot [39m[32m200[39m [90m380 ms - 392652[39m
[35m[HTTP][39m [90m[39m
[35m[HTTP][39m [37m-->[39m [37mGET[39m [37m/wd/hub/session/2d4d2866-28bc-4059-b9cb-4d76e0aea6d7/window/rect[39m
[35m[HTTP][39m [90m{}[39m
[35m[HTTP][39m [37m<-- GET /wd/hub/session/2d4d2866-28bc-4059-b9cb-4d76e0aea6d7/window/rect [39m[32m200[39m [90m24 ms - 50[39m
[35m[HTTP][39m [90m[39m
[35m[HTTP][39m [37m-->[39m [37mPOST[39m [37m/wd/hub/session/2d4d2866-28bc-4059-b9cb-4d76e0aea6d7/elements[39m
[35m[HTTP][39m [90m{"using":"xpath","value":"//hierarchy/android.widget.FrameLayout[1]/android.widget.LinearLayout[1]/android.widget.FrameLayout[1]/android.widget.LinearLayout[1]/android.widget.FrameLayout[1]/android.widget.RelativeLayout[1]/android.widget.RelativeLayout[1]/android.widget.FrameLayout[2]/android.view.ViewGroup[1]/androidx.recyclerview.widget.RecyclerView[1]/android.widget.FrameLayout[3]/android.widget.RelativeLayout[1]/android.widget.TextView[1]"}[39m
[35m[HTTP][39m [37m<-- POST /wd/hub/session/2d4d2866-28bc-4059-b9cb-4d76e0aea6d7/elements [39m[32m200[39m [90m223 ms - 139[39m
[35m[HTTP][39m [90m[39m
[35m[HTTP][39m [37m-->[39m [37mGET[39m [37m/wd/hub/session/2d4d2866-28bc-4059-b9cb-4d76e0aea6d7/element/0bbabc6c-05f6-4e11-b3e0-610bb1098b18/location[39m
[35m[HTTP][39m [90m{}[39m
[35m[W3C (2d4d2866)][39m Driver proxy active, passing request on via HTTP proxy
[35m[WD Proxy][39m Replacing sessionId e89af3a1-97d8-437d-8e53-f19809c311e0 with 2d4d2866-28bc-4059-b9cb-4d76e0aea6d7
[35m[HTTP][39m [37m<-- GET /wd/hub/session/2d4d2866-28bc-4059-b9cb-4d76e0aea6d7/element/0bbabc6c-05f6-4e11-b3e0-610bb1098b18/location [39m[32m200[39m [90m21 ms - 78[39m
[35m[HTTP][39m [90m[39m
[35m[HTTP][39m [37m-->[39m [37mPOST[39m [37m/wd/hub/session/2d4d2866-28bc-4059-b9cb-4d76e0aea6d7/touch/perform[39m
[35m[HTTP][39m [90m{"actions":[{"action":"tap","options":{"x":1,"y":1,"element":"0bbabc6c-05f6-4e11-b3e0-610bb1098b18"}}]}[39m
[35m[UiAutomator2][39m calling get location: 0bbabc6c-05f6-4e11-b3e0-610bb1098b18
[35m[HTTP][39m [37m<-- POST /wd/hub/session/2d4d2866-28bc-4059-b9cb-4d76e0aea6d7/touch/perform [39m[32m200[39m [90m59 ms - 14[39m
[35m[HTTP][39m [90m[39m
[35m[HTTP][39m [37m-->[39m [37mGET[39m [37m/wd/hub/session/2d4d2866-28bc-4059-b9cb-4d76e0aea6d7/source[39m
[35m[HTTP][39m [90m{}[39m
[35m[W3C (2d4d2866)][39m Driver proxy active, passing request on via HTTP proxy
[35m[WD Proxy][39m Replacing sessionId e89af3a1-97d8-437d-8e53-f19809c311e0 with 2d4d2866-28bc-4059-b9cb-4d76e0aea6d7
[35m[HTTP][39m [37m<-- GET /wd/hub/session/2d4d2866-28bc-4059-b9cb-4d76e0aea6d7/source [39m[32m200[39m [90m134 ms - 15079[39m
[35m[HTTP][39m [90m[39m
[35m[HTTP][39m [37m-->[39m [37mGET[39m [37m/wd/hub/session/2d4d2866-28bc-4059-b9cb-4d76e0aea6d7/screenshot[39m
[35m[HTTP][39m [90m{}[39m
[35m[HTTP][39m [37m<-- GET /wd/hub/session/2d4d2866-28bc-4059-b9cb-4d76e0aea6d7/screenshot [39m[32m200[39m [90m1051 ms - 2017688[39m
[35m[HTTP][39m [90m[39m
[35m[HTTP][39m [37m-->[39m [37mGET[39m [37m/wd/hub/session/2d4d2866-28bc-4059-b9cb-4d76e0aea6d7/window/rect[39m
[35m[HTTP][39m [90m{}[39m
[35m[HTTP][39m [37m<-- GET /wd/hub/session/2d4d2866-28bc-4059-b9cb-4d76e0aea6d7/window/rect [39m[32m200[39m [90m16 ms - 50[39m
[35m[HTTP][39m [90m[39m
[35m[HTTP][39m [37m-->[39m [37mPOST[39m [37m/wd/hub/session/2d4d2866-28bc-4059-b9cb-4d76e0aea6d7/elements[39m
[35m[HTTP][39m [90m{"using":"xpath","value":"//hierarchy/android.widget.FrameLayout[1]/android.widget.LinearLayout[1]/android.widget.FrameLayout[1]/android.widget.LinearLayout[1]/android.widget.FrameLayout[1]/android.widget.RelativeLayout[1]/android.widget.RelativeLayout[1]/android.widget.RelativeLayout[2]/android.view.ViewGroup[1]/android.widget.EditText[1]"}[39m
[35m[HTTP][39m [37m<-- POST /wd/hub/session/2d4d2866-28bc-4059-b9cb-4d76e0aea6d7/elements [39m[32m200[39m [90m105 ms - 139[39m
[35m[HTTP][39m [90m[39m
[35m[HTTP][39m [37m-->[39m [37mGET[39m [37m/wd/hub/session/2d4d2866-28bc-4059-b9cb-4d76e0aea6d7/element/a846d38d-3af9-4af0-b381-2afe3fa8c86e/location[39m
[35m[HTTP][39m [90m{}[39m
[35m[W3C (2d4d2866)][39m Driver proxy active, passing request on via HTTP proxy
[35m[WD Proxy][39m Replacing sessionId e89af3a1-97d8-437d-8e53-f19809c311e0 with 2d4d2866-28bc-4059-b9cb-4d76e0aea6d7
[35m[HTTP][39m [37m<-- GET /wd/hub/session/2d4d2866-28bc-4059-b9cb-4d76e0aea6d7/element/a846d38d-3af9-4af0-b381-2afe3fa8c86e/location [39m[32m200[39m [90m12 ms - 78[39m
[35m[HTTP][39m [90m[39m
[35m[HTTP][39m [37m-->[39m [37mPOST[39m [37m/wd/hub/session/2d4d2866-28bc-4059-b9cb-4d76e0aea6d7/element/a846d38d-3af9-4af0-b381-2afe3fa8c86e/clear[39m
[35m[HTTP][39m [90m{"id":"a846d38d-3af9-4af0-b381-2afe3fa8c86e"}[39m
[35m[HTTP][39m [37m<-- POST /wd/hub/session/2d4d2866-28bc-4059-b9cb-4d76e0aea6d7/element/a846d38d-3af9-4af0-b381-2afe3fa8c86e/clear [39m[32m200[39m [90m25 ms - 14[39m
[35m[HTTP][39m [90m[39m
[35m[HTTP][39m [37m-->[39m [37mPOST[39m [37m/wd/hub/session/2d4d2866-28bc-4059-b9cb-4d76e0aea6d7/element/a846d38d-3af9-4af0-b381-2afe3fa8c86e/value[39m
[35m[HTTP][39m [90m{"id":"a846d38d-3af9-4af0-b381-2afe3fa8c86e","text":"1131951392","value":["1","1","3","1","9","5","1","3","9","2"]}[39m
[35m[HTTP][39m [37m<-- POST /wd/hub/session/2d4d2866-28bc-4059-b9cb-4d76e0aea6d7/element/a846d38d-3af9-4af0-b381-2afe3fa8c86e/value [39m[32m200[39m [90m536 ms - 14[39m
[35m[HTTP][39m [90m[39m
[35m[HTTP][39m [37m-->[39m [37mGET[39m [37m/wd/hub/session/2d4d2866-28bc-4059-b9cb-4d76e0aea6d7/source[39m
[35m[HTTP][39m [90m{}[39m
[35m[W3C (2d4d2866)][39m Driver proxy active, passing request on via HTTP proxy
[35m[WD Proxy][39m Replacing sessionId e89af3a1-97d8-437d-8e53-f19809c311e0 with 2d4d2866-28bc-4059-b9cb-4d76e0aea6d7
[35m[HTTP][39m [37m<-- GET /wd/hub/session/2d4d2866-28bc-4059-b9cb-4d76e0aea6d7/source [39m[32m200[39m [90m143 ms - 15070[39m
[35m[HTTP][39m [90m[39m
[35m[HTTP][39m [37m-->[39m [37mGET[39m [37m/wd/hub/session/2d4d2866-28bc-4059-b9cb-4d76e0aea6d7/screenshot[39m
[35m[HTTP][39m [90m{}[39m
[35m[HTTP][39m [37m<-- GET /wd/hub/session/2d4d2866-28bc-4059-b9cb-4d76e0aea6d7/screenshot [39m[32m200[39m [90m1128 ms - 2021986[39m
[35m[HTTP][39m [90m[39m
[35m[HTTP][39m [37m-->[39m [37mGET[39m [37m/wd/hub/session/2d4d2866-28bc-4059-b9cb-4d76e0aea6d7/window/rect[39m
[35m[HTTP][39m [90m{}[39m
[35m[HTTP][39m [37m<-- GET /wd/hub/session/2d4d2866-28bc-4059-b9cb-4d76e0aea6d7/window/rect [39m[32m200[39m [90m16 ms - 50[39m
[35m[HTTP][39m [90m[39m
[35m[HTTP][39m [37m-->[39m [37mPOST[39m [37m/wd/hub/session/2d4d2866-28bc-4059-b9cb-4d76e0aea6d7/elements[39m
[35m[HTTP][39m [90m{"using":"xpath","value":"//hierarchy/android.widget.FrameLayout[1]/android.widget.LinearLayout[1]/android.widget.FrameLayout[1]/android.widget.LinearLayout[1]/android.widget.FrameLayout[1]/android.widget.RelativeLayout[1]/android.widget.RelativeLayout[1]/android.widget.RelativeLayout[2]/android.widget.LinearLayout[1]/android.widget.CheckBox[1]"}[39m
[35m[HTTP][39m [37m<-- POST /wd/hub/session/2d4d2866-28bc-4059-b9cb-4d76e0aea6d7/elements [39m[32m200[39m [90m127 ms - 139[39m
[35m[HTTP][39m [90m[39m
[35m[HTTP][39m [37m-->[39m [37mGET[39m [37m/wd/hub/session/2d4d2866-28bc-4059-b9cb-4d76e0aea6d7/element/3ed16150-8d56-48e5-b9e3-561c7287324c/location[39m
[35m[HTTP][39m [90m{}[39m
[35m[W3C (2d4d2866)][39m Driver proxy active, passing request on via HTTP proxy
[35m[WD Proxy][39m Replacing sessionId e89af3a1-97d8-437d-8e53-f19809c311e0 with 2d4d2866-28bc-4059-b9cb-4d76e0aea6d7
[35m[HTTP][39m [37m<-- GET /wd/hub/session/2d4d2866-28bc-4059-b9cb-4d76e0aea6d7/element/3ed16150-8d56-48e5-b9e3-561c7287324c/location [39m[32m200[39m [90m17 ms - 78[39m
[35m[HTTP][39m [90m[39m
[35m[HTTP][39m [37m-->[39m [37mPOST[39m [37m/wd/hub/session/2d4d2866-28bc-4059-b9cb-4d76e0aea6d7/touch/perform[39m
[35m[HTTP][39m [90m{"actions":[{"action":"tap","options":{"x":1,"y":1,"element":"3ed16150-8d56-48e5-b9e3-561c7287324c"}}]}[39m
[35m[UiAutomator2][39m calling get location: 3ed16150-8d56-48e5-b9e3-561c7287324c
[35m[HTTP][39m [37m<-- POST /wd/hub/session/2d4d2866-28bc-4059-b9cb-4d76e0aea6d7/touch/perform [39m[32m200[39m [90m62 ms - 14[39m
[35m[HTTP][39m [90m[39m
[35m[HTTP][39m [37m-->[39m [37mGET[39m [37m/wd/hub/session/2d4d2866-28bc-4059-b9cb-4d76e0aea6d7/source[39m
[35m[HTTP][39m [90m{}[39m
[35m[W3C (2d4d2866)][39m Driver proxy active, passing request on via HTTP proxy
[35m[WD Proxy][39m Replacing sessionId e89af3a1-97d8-437d-8e53-f19809c311e0 with 2d4d2866-28bc-4059-b9cb-4d76e0aea6d7
[35m[HTTP][39m [37m<-- GET /wd/hub/session/2d4d2866-28bc-4059-b9cb-4d76e0aea6d7/source [39m[32m200[39m [90m167 ms - 15073[39m
[35m[HTTP][39m [90m[39m
[35m[HTTP][39m [37m-->[39m [37mGET[39m [37m/wd/hub/session/2d4d2866-28bc-4059-b9cb-4d76e0aea6d7/screenshot[39m
[35m[HTTP][39m [90m{}[39m
[35m[HTTP][39m [37m<-- GET /wd/hub/session/2d4d2866-28bc-4059-b9cb-4d76e0aea6d7/screenshot [39m[32m200[39m [90m1101 ms - 2018882[39m
[35m[HTTP][39m [90m[39m
[35m[HTTP][39m [37m-->[39m [37mGET[39m [37m/wd/hub/session/2d4d2866-28bc-4059-b9cb-4d76e0aea6d7/window/rect[39m
[35m[HTTP][39m [90m{}[39m
[35m[HTTP][39m [37m<-- GET /wd/hub/session/2d4d2866-28bc-4059-b9cb-4d76e0aea6d7/window/rect [39m[32m200[39m [90m13 ms - 50[39m
[35m[HTTP][39m [90m[39m
[35m[HTTP][39m [37m-->[39m [37mPOST[39m [37m/wd/hub/session/2d4d2866-28bc-4059-b9cb-4d76e0aea6d7/elements[39m
[35m[HTTP][39m [90m{"using":"xpath","value":"//hierarchy/android.widget.FrameLayout[1]/android.widget.LinearLayout[1]/android.widget.FrameLayout[1]/android.widget.LinearLayout[1]/android.widget.FrameLayout[1]/android.widget.RelativeLayout[1]/android.widget.RelativeLayout[1]/android.widget.RelativeLayout[2]/android.widget.LinearLayout[1]/android.widget.CheckBox[1]"}[39m
[35m[HTTP][39m [37m<-- POST /wd/hub/session/2d4d2866-28bc-4059-b9cb-4d76e0aea6d7/elements [39m[32m200[39m [90m99 ms - 139[39m
[35m[HTTP][39m [90m[39m
[35m[HTTP][39m [37m-->[39m [37mGET[39m [37m/wd/hub/session/2d4d2866-28bc-4059-b9cb-4d76e0aea6d7/element/ed49ef66-295a-41b0-93a5-eb438fa60500/location[39m
[35m[HTTP][39m [90m{}[39m
[35m[W3C (2d4d2866)][39m Driver proxy active, passing request on via HTTP proxy
[35m[WD Proxy][39m Replacing sessionId e89af3a1-97d8-437d-8e53-f19809c311e0 with 2d4d2866-28bc-4059-b9cb-4d76e0aea6d7
[35m[HTTP][39m [37m<-- GET /wd/hub/session/2d4d2866-28bc-4059-b9cb-4d76e0aea6d7/element/ed49ef66-295a-41b0-93a5-eb438fa60500/location [39m[32m200[39m [90m26 ms - 78[39m
[35m[HTTP][39m [90m[39m
[35m[HTTP][39m [37m-->[39m [37mPOST[39m [37m/wd/hub/session/2d4d2866-28bc-4059-b9cb-4d76e0aea6d7/touch/perform[39m
[35m[HTTP][39m [90m{"actions":[{"action":"tap","options":{"x":1,"y":1,"element":"ed49ef66-295a-41b0-93a5-eb438fa60500"}}]}[39m
[35m[UiAutomator2][39m calling get location: ed49ef66-295a-41b0-93a5-eb438fa60500
[35m[HTTP][39m [37m<-- POST /wd/hub/session/2d4d2866-28bc-4059-b9cb-4d76e0aea6d7/touch/perform [39m[32m200[39m [90m64 ms - 14[39m
[35m[HTTP][39m [90m[39m
[35m[HTTP][39m [37m-->[39m [37mGET[39m [37m/wd/hub/session/2d4d2866-28bc-4059-b9cb-4d76e0aea6d7/source[39m
[35m[HTTP][39m [90m{}[39m
[35m[W3C (2d4d2866)][39m Driver proxy active, passing request on via HTTP proxy
[35m[WD Proxy][39m Replacing sessionId e89af3a1-97d8-437d-8e53-f19809c311e0 with 2d4d2866-28bc-4059-b9cb-4d76e0aea6d7
[35m[HTTP][39m [37m<-- GET /wd/hub/session/2d4d2866-28bc-4059-b9cb-4d76e0aea6d7/source [39m[32m200[39m [90m94 ms - 15070[39m
[35m[HTTP][39m [90m[39m
[35m[HTTP][39m [37m-->[39m [37mGET[39m [37m/wd/hub/session/2d4d2866-28bc-4059-b9cb-4d76e0aea6d7/screenshot[39m
[35m[HTTP][39m [90m{}[39m
[35m[HTTP][39m [37m<-- GET /wd/hub/session/2d4d2866-28bc-4059-b9cb-4d76e0aea6d7/screenshot [39m[32m200[39m [90m1096 ms - 2021404[39m
[35m[HTTP][39m [90m[39m
[35m[HTTP][39m [37m-->[39m [37mGET[39m [37m/wd/hub/session/2d4d2866-28bc-4059-b9cb-4d76e0aea6d7/window/rect[39m
[35m[HTTP][39m [90m{}[39m
[35m[HTTP][39m [37m<-- GET /wd/hub/session/2d4d2866-28bc-4059-b9cb-4d76e0aea6d7/window/rect [39m[32m200[39m [90m14 ms - 50[39m
[35m[HTTP][39m [90m[39m
[35m[HTTP][39m [37m-->[39m [37mPOST[39m [37m/wd/hub/session/2d4d2866-28bc-4059-b9cb-4d76e0aea6d7/elements[39m
[35m[HTTP][39m [90m{"using":"xpath","value":"//hierarchy/android.widget.FrameLayout[1]/android.widget.LinearLayout[1]/android.widget.FrameLayout[1]/android.widget.LinearLayout[1]/android.widget.FrameLayout[1]/android.widget.RelativeLayout[1]/android.widget.RelativeLayout[1]/android.widget.RelativeLayout[2]/android.widget.RelativeLayout[1]/android.view.ViewGroup[2]/android.view.ViewGroup[1]/android.widget.TextView[1]"}[39m
[35m[HTTP][39m [37m<-- POST /wd/hub/session/2d4d2866-28bc-4059-b9cb-4d76e0aea6d7/elements [39m[32m200[39m [90m139 ms - 139[39m
[35m[HTTP][39m [90m[39m
[35m[HTTP][39m [37m-->[39m [37mGET[39m [37m/wd/hub/session/2d4d2866-28bc-4059-b9cb-4d76e0aea6d7/element/aa62e312-2e08-40c9-b2bb-51dc6c379e51/location[39m
[35m[HTTP][39m [90m{}[39m
[35m[W3C (2d4d2866)][39m Driver proxy active, passing request on via HTTP proxy
[35m[WD Proxy][39m Replacing sessionId e89af3a1-97d8-437d-8e53-f19809c311e0 with 2d4d2866-28bc-4059-b9cb-4d76e0aea6d7
[35m[HTTP][39m [37m<-- GET /wd/hub/session/2d4d2866-28bc-4059-b9cb-4d76e0aea6d7/element/aa62e312-2e08-40c9-b2bb-51dc6c379e51/location [39m[32m200[39m [90m10 ms - 78[39m
[35m[HTTP][39m [90m[39m
[35m[HTTP][39m [37m-->[39m [37mPOST[39m [37m/wd/hub/session/2d4d2866-28bc-4059-b9cb-4d76e0aea6d7/touch/perform[39m
[35m[HTTP][39m [90m{"actions":[{"action":"tap","options":{"x":1,"y":1,"element":"aa62e312-2e08-40c9-b2bb-51dc6c379e51"}}]}[39m
[35m[UiAutomator2][39m calling get location: aa62e312-2e08-40c9-b2bb-51dc6c379e51
[35m[HTTP][39m [37m<-- POST /wd/hub/session/2d4d2866-28bc-4059-b9cb-4d76e0aea6d7/touch/perform [39m[32m200[39m [90m70 ms - 14[39m
[35m[HTTP][39m [90m[39m
[35m[HTTP][39m [37m-->[39m [37mGET[39m [37m/wd/hub/session/2d4d2866-28bc-4059-b9cb-4d76e0aea6d7/source[39m
[35m[HTTP][39m [90m{}[39m
[35m[W3C (2d4d2866)][39m Driver proxy active, passing request on via HTTP proxy
[35m[WD Proxy][39m Replacing sessionId e89af3a1-97d8-437d-8e53-f19809c311e0 with 2d4d2866-28bc-4059-b9cb-4d76e0aea6d7
[35m[HTTP][39m [37m<-- GET /wd/hub/session/2d4d2866-28bc-4059-b9cb-4d76e0aea6d7/source [39m[32m200[39m [90m150 ms - 15064[39m
[35m[HTTP][39m [90m[39m
[35m[HTTP][39m [37m-->[39m [37mGET[39m [37m/wd/hub/session/2d4d2866-28bc-4059-b9cb-4d76e0aea6d7/screenshot[39m
[35m[HTTP][39m [90m{}[39m
[35m[HTTP][39m [37m<-- GET /wd/hub/session/2d4d2866-28bc-4059-b9cb-4d76e0aea6d7/screenshot [39m[32m200[39m [90m1469 ms - 2012622[39m
[35m[HTTP][39m [90m[39m
[35m[HTTP][39m [37m-->[39m [37mGET[39m [37m/wd/hub/session/2d4d2866-28bc-4059-b9cb-4d76e0aea6d7/source[39m
[35m[HTTP][39m [90m{}[39m
[35m[W3C (2d4d2866)][39m Driver proxy active, passing request on via HTTP proxy
[35m[WD Proxy][39m Replacing sessionId e89af3a1-97d8-437d-8e53-f19809c311e0 with 2d4d2866-28bc-4059-b9cb-4d76e0aea6d7
[35m[HTTP][39m [37m<-- GET /wd/hub/session/2d4d2866-28bc-4059-b9cb-4d76e0aea6d7/source [39m[32m200[39m [90m586 ms - 22500[39m
[35m[HTTP][39m [90m[39m
[35m[HTTP][39m [37m-->[39m [37mGET[39m [37m/wd/hub/session/2d4d2866-28bc-4059-b9cb-4d76e0aea6d7/screenshot[39m
[35m[HTTP][39m [90m{}[39m
[35m[HTTP][39m [37m<-- GET /wd/hub/session/2d4d2866-28bc-4059-b9cb-4d76e0aea6d7/screenshot [39m[32m200[39m [90m1097 ms - 1607076[39m
[35m[HTTP][39m [90m[39m
[35m[HTTP][39m [37m-->[39m [37mGET[39m [37m/wd/hub/session/2d4d2866-28bc-4059-b9cb-4d76e0aea6d7/source[39m
[35m[HTTP][39m [90m{}[39m
[35m[W3C (2d4d2866)][39m Driver proxy active, passing request on via HTTP proxy
[35m[WD Proxy][39m Replacing sessionId e89af3a1-97d8-437d-8e53-f19809c311e0 with 2d4d2866-28bc-4059-b9cb-4d76e0aea6d7
[35m[HTTP][39m [37m<-- GET /wd/hub/session/2d4d2866-28bc-4059-b9cb-4d76e0aea6d7/source [39m[32m200[39m [90m2493 ms - 22500[39m
[35m[HTTP][39m [90m[39m
[35m[HTTP][39m [37m-->[39m [37mGET[39m [37m/wd/hub/session/2d4d2866-28bc-4059-b9cb-4d76e0aea6d7/screenshot[39m
[35m[HTTP][39m [90m{}[39m
[35m[HTTP][39m [37m<-- GET /wd/hub/session/2d4d2866-28bc-4059-b9cb-4d76e0aea6d7/screenshot [39m[32m200[39m [90m11904 ms - 1607190[39m
[35m[HTTP][39m [90m[39m
[35m[HTTP][39m [37m-->[39m [37mDELETE[39m [37m/wd/hub/session/2d4d2866-28bc-4059-b9cb-4d76e0aea6d7[39m
[35m[HTTP][39m [90m{}[39m
[35m[Appium][39m Removing session 2d4d2866-28bc-4059-b9cb-4d76e0aea6d7 from our master session list
[35m[UiAutomator2][39m Restoring hidden api policy to the device default configuration
[35m[HTTP][39m [37m<-- DELETE /wd/hub/session/2d4d2866-28bc-4059-b9cb-4d76e0aea6d7 [39m[32m200[39m [90m816 ms - 14[39m
[35m[HTTP][39m [90m[39m
